<?xml version="1.0" encoding="UTF-8"?>
<testng-results ignored="0" total="1" passed="1" failed="0" skipped="0">
  <reporter-output>
  </reporter-output>
  <suite started-at="2020-02-25T02:19:00 GMT" name="Default suite" finished-at="2020-02-25T02:19:03 GMT" duration-ms="2643">
    <groups>
    </groups>
    <test started-at="2020-02-25T02:19:00 GMT" name="Default test" finished-at="2020-02-25T02:19:03 GMT" duration-ms="2643">
      <class name="POST_Request_Successful_Response">
        <test-method signature="SuccessfulResponse()[pri:0, instance:POST_Request_Successful_Response@436a4e4b]" started-at="2020-02-25T02:19:00 GMT" name="SuccessfulResponse" finished-at="2020-02-25T02:19:03 GMT" duration-ms="2588" status="PASS">
          <reporter-output>
          </reporter-output>
        </test-method> <!-- SuccessfulResponse -->
      </class> <!-- POST_Request_Successful_Response -->
    </test> <!-- Default test -->
  </suite> <!-- Default suite -->
</testng-results>
